<html>
<head>
<title>TestNG:   EdgeTest</title>
<link href="../testng.css" rel="stylesheet" type="text/css" />
<link href="../my-testng.css" rel="stylesheet" type="text/css" />

<style type="text/css">
.log { display: none;} 
.stack-trace { display: none;} 
</style>
<script type="text/javascript">
<!--
function flip(e) {
  current = e.style.display;
  if (current == 'block') {
    e.style.display = 'none';
    return 0;
  }
  else {
    e.style.display = 'block';
    return 1;
  }
}

function toggleBox(szDivId, elem, msg1, msg2)
{
  var res = -1;  if (document.getElementById) {
    res = flip(document.getElementById(szDivId));
  }
  else if (document.all) {
    // this is the way old msie versions work
    res = flip(document.all[szDivId]);
  }
  if(elem) {
    if(res == 0) elem.innerHTML = msg1; else elem.innerHTML = msg2;
  }

}

function toggleAllBoxes() {
  if (document.getElementsByTagName) {
    d = document.getElementsByTagName('div');
    for (i = 0; i < d.length; i++) {
      if (d[i].className == 'log') {
        flip(d[i]);
      }
    }
  }
}

// -->
</script>

</head>
<body>
<h2 align='center'> EdgeTest</h2><table border='1' align="center">
<tr>
<td>Tests passed/Failed/Skipped:</td><td>19/2/0</td>
</tr><tr>
<td>Started on:</td><td>Mon Apr 24 00:24:57 IST 2023</td>
</tr>
<tr><td>Total time:</td><td>112 seconds (112136 ms)</td>
</tr><tr>
<td>Included groups:</td><td></td>
</tr><tr>
<td>Excluded groups:</td><td></td>
</tr>
</table><p/>
<small><i>(Hover the method name to see the test class name)</i></small><p/>
<table width='100%' border='1' class='invocation-failed'>
<tr><td colspan='4' align='center'><b>FAILED TESTS</b></td></tr>
<tr><td><b>Test method</b></td>
<td width="30%"><b>Exception</b></td>
<td width="10%"><b>Time (seconds)</b></td>
<td><b>Instance</b></td>
</tr>
<tr>
<td title='com.obsquara.testscripts.ExpenseCategoryTest.verifyEditExpenseCategory()'><b>verifyEditExpenseCategory</b><br>Test class: com.obsquara.testscripts.ExpenseCategoryTest</td>
<td><div><pre>org.openqa.selenium.NoSuchElementException: no such element: Unable to locate element: {&quot;method&quot;:&quot;xpath&quot;,&quot;selector&quot;:&quot;//div[@class=&apos;alert alert-success alert-dismissible&apos;]&quot;}
  (Session info: chrome=112.0.5615.138)
For documentation on this error, please visit: https://selenium.dev/exceptions/#no_such_element
Build info: version: &apos;4.7.2&apos;, revision: &apos;4d4020c3b7&apos;
System info: os.name: &apos;Windows 10&apos;, os.arch: &apos;amd64&apos;, os.version: &apos;10.0&apos;, java.version: &apos;17.0.1&apos;
Driver info: org.openqa.selenium.chrome.ChromeDriver
Command: [07466229ac891074f3b36a35855f5b47, findElement {using=xpath, value=//div[@class=&apos;alert alert-success alert-dismissible&apos;]}]
Capabilities {acceptInsecureCerts: false, browserName: chrome, browserVersion: 112.0.5615.138, chrome: {chromedriverVersion: 112.0.5615.49 (bd2a7bcb881c..., userDataDir: C:\Users\Manu\AppData\Local...}, goog:chromeOptions: {debuggerAddress: localhost:51504}, networkConnectionEnabled: false, pageLoadStrategy: normal, platformName: WINDOWS, proxy: Proxy(), se:cdp: ws://localhost:51504/devtoo..., se:cdpVersion: 112.0.5615.138, setWindowRect: true, strictFileInteractability: false, timeouts: {implicit: 0, pageLoad: 300000, script: 30000}, unhandledPromptBehavior: dismiss and notify, webauthn:extension:credBlob: true, webauthn:extension:largeBlob: true, webauthn:extension:minPinLength: true, webauthn:extension:prf: true, webauthn:virtualAuthenticators: true}
Session ID: 07466229ac891074f3b36a35855f5b47
	at org.openqa.selenium.remote.codec.w3c.W3CHttpResponseCodec.createException(W3CHttpResponseCodec.java:200)
	at org.openqa.selenium.remote.codec.w3c.W3CHttpResponseCodec.decode(W3CHttpResponseCodec.java:133)
	at org.openqa.selenium.remote.codec.w3c.W3CHttpResponseCodec.decode(W3CHttpResponseCodec.java:53)
	at org.openqa.selenium.remote.HttpCommandExecutor.execute(HttpCommandExecutor.java:184)
	at org.openqa.selenium.remote.service.DriverCommandExecutor.invokeExecute(DriverCommandExecutor.java:167)
	at org.openqa.selenium.remote.service.DriverCommandExecutor.execute(DriverCommandExecutor.java:142)
	at org.openqa.selenium.remote.RemoteWebDriver.execute(RemoteWebDriver.java:535)
	at org.openqa.selenium.remote.ElementLocation$ElementFinder$2.findElement(ElementLocation.java:162)
	at org.openqa.selenium.remote.ElementLocation.findElement(ElementLocation.java:60)
	at org.openqa.selenium.remote.RemoteWebDriver.findElement(RemoteWebDriver.java:351)
	at org.openqa.selenium.remote.RemoteWebDriver.findElement(RemoteWebDriver.java:343)
	at org.openqa.selenium.support.pagefactory.DefaultElementLocator.findElement(DefaultElementLocator.java:70)
	at org.openqa.selenium.support.pagefactory.internal.LocatingElementHandler.invoke(LocatingElementHandler.java:39)
	at jdk.proxy2/jdk.proxy2.$Proxy19.isDisplayed(Unknown Source)
	at Utilities.PageUtility.isDisplay(PageUtility.java:31)
	at com.obsquara.pages.ExpenseCategoryPage.isAlertBoxDisplayed(ExpenseCategoryPage.java:120)
	at com.obsquara.testscripts.ExpenseCategoryTest.verifyEditExpenseCategory(ExpenseCategoryTest.java:75)
	at java.base/java.util.ArrayList.forEach(ArrayList.java:1511)
... Removed 32 stack frames</pre></div><a href='#' onClick='toggleBox("stack-trace888551077", this, "Click to show all stack frames", "Click to hide stack frames")'>Click to show all stack frames</a>
<div class='stack-trace' id='stack-trace888551077'><pre>org.openqa.selenium.NoSuchElementException: no such element: Unable to locate element: {&quot;method&quot;:&quot;xpath&quot;,&quot;selector&quot;:&quot;//div[@class=&apos;alert alert-success alert-dismissible&apos;]&quot;}
  (Session info: chrome=112.0.5615.138)
For documentation on this error, please visit: https://selenium.dev/exceptions/#no_such_element
Build info: version: &apos;4.7.2&apos;, revision: &apos;4d4020c3b7&apos;
System info: os.name: &apos;Windows 10&apos;, os.arch: &apos;amd64&apos;, os.version: &apos;10.0&apos;, java.version: &apos;17.0.1&apos;
Driver info: org.openqa.selenium.chrome.ChromeDriver
Command: [07466229ac891074f3b36a35855f5b47, findElement {using=xpath, value=//div[@class=&apos;alert alert-success alert-dismissible&apos;]}]
Capabilities {acceptInsecureCerts: false, browserName: chrome, browserVersion: 112.0.5615.138, chrome: {chromedriverVersion: 112.0.5615.49 (bd2a7bcb881c..., userDataDir: C:\Users\Manu\AppData\Local...}, goog:chromeOptions: {debuggerAddress: localhost:51504}, networkConnectionEnabled: false, pageLoadStrategy: normal, platformName: WINDOWS, proxy: Proxy(), se:cdp: ws://localhost:51504/devtoo..., se:cdpVersion: 112.0.5615.138, setWindowRect: true, strictFileInteractability: false, timeouts: {implicit: 0, pageLoad: 300000, script: 30000}, unhandledPromptBehavior: dismiss and notify, webauthn:extension:credBlob: true, webauthn:extension:largeBlob: true, webauthn:extension:minPinLength: true, webauthn:extension:prf: true, webauthn:virtualAuthenticators: true}
Session ID: 07466229ac891074f3b36a35855f5b47
	at java.base/jdk.internal.reflect.NativeConstructorAccessorImpl.newInstance0(Native Method)
	at java.base/jdk.internal.reflect.NativeConstructorAccessorImpl.newInstance(NativeConstructorAccessorImpl.java:77)
	at java.base/jdk.internal.reflect.DelegatingConstructorAccessorImpl.newInstance(DelegatingConstructorAccessorImpl.java:45)
	at java.base/java.lang.reflect.Constructor.newInstanceWithCaller(Constructor.java:499)
	at java.base/java.lang.reflect.Constructor.newInstance(Constructor.java:480)
	at org.openqa.selenium.remote.codec.w3c.W3CHttpResponseCodec.createException(W3CHttpResponseCodec.java:200)
	at org.openqa.selenium.remote.codec.w3c.W3CHttpResponseCodec.decode(W3CHttpResponseCodec.java:133)
	at org.openqa.selenium.remote.codec.w3c.W3CHttpResponseCodec.decode(W3CHttpResponseCodec.java:53)
	at org.openqa.selenium.remote.HttpCommandExecutor.execute(HttpCommandExecutor.java:184)
	at org.openqa.selenium.remote.service.DriverCommandExecutor.invokeExecute(DriverCommandExecutor.java:167)
	at org.openqa.selenium.remote.service.DriverCommandExecutor.execute(DriverCommandExecutor.java:142)
	at org.openqa.selenium.remote.RemoteWebDriver.execute(RemoteWebDriver.java:535)
	at org.openqa.selenium.remote.ElementLocation$ElementFinder$2.findElement(ElementLocation.java:162)
	at org.openqa.selenium.remote.ElementLocation.findElement(ElementLocation.java:60)
	at org.openqa.selenium.remote.RemoteWebDriver.findElement(RemoteWebDriver.java:351)
	at org.openqa.selenium.remote.RemoteWebDriver.findElement(RemoteWebDriver.java:343)
	at org.openqa.selenium.support.pagefactory.DefaultElementLocator.findElement(DefaultElementLocator.java:70)
	at org.openqa.selenium.support.pagefactory.internal.LocatingElementHandler.invoke(LocatingElementHandler.java:39)
	at jdk.proxy2/jdk.proxy2.$Proxy19.isDisplayed(Unknown Source)
	at Utilities.PageUtility.isDisplay(PageUtility.java:31)
	at com.obsquara.pages.ExpenseCategoryPage.isAlertBoxDisplayed(ExpenseCategoryPage.java:120)
	at com.obsquara.testscripts.ExpenseCategoryTest.verifyEditExpenseCategory(ExpenseCategoryTest.java:75)
	at java.base/jdk.internal.reflect.NativeMethodAccessorImpl.invoke0(Native Method)
	at java.base/jdk.internal.reflect.NativeMethodAccessorImpl.invoke(NativeMethodAccessorImpl.java:77)
	at java.base/jdk.internal.reflect.DelegatingMethodAccessorImpl.invoke(DelegatingMethodAccessorImpl.java:43)
	at java.base/java.lang.reflect.Method.invoke(Method.java:568)
	at org.testng.internal.MethodInvocationHelper.invokeMethod(MethodInvocationHelper.java:133)
	at org.testng.internal.TestInvoker.invokeMethod(TestInvoker.java:598)
	at org.testng.internal.TestInvoker.invokeTestMethod(TestInvoker.java:173)
	at org.testng.internal.MethodRunner.runInSequence(MethodRunner.java:46)
	at org.testng.internal.TestInvoker$MethodInvocationAgent.invoke(TestInvoker.java:824)
	at org.testng.internal.TestInvoker.invokeTestMethods(TestInvoker.java:146)
	at org.testng.internal.TestMethodWorker.invokeTestMethods(TestMethodWorker.java:146)
	at org.testng.internal.TestMethodWorker.run(TestMethodWorker.java:128)
	at java.base/java.util.ArrayList.forEach(ArrayList.java:1511)
	at org.testng.TestRunner.privateRun(TestRunner.java:794)
	at org.testng.TestRunner.run(TestRunner.java:596)
	at org.testng.SuiteRunner.runTest(SuiteRunner.java:377)
	at org.testng.SuiteRunner.runSequentially(SuiteRunner.java:371)
	at org.testng.SuiteRunner.privateRun(SuiteRunner.java:332)
	at org.testng.SuiteRunner.run(SuiteRunner.java:276)
	at org.testng.SuiteRunnerWorker.runSuite(SuiteRunnerWorker.java:53)
	at org.testng.SuiteRunnerWorker.run(SuiteRunnerWorker.java:96)
	at org.testng.TestNG.runSuitesSequentially(TestNG.java:1212)
	at org.testng.TestNG.runSuitesLocally(TestNG.java:1134)
	at org.testng.TestNG.runSuites(TestNG.java:1063)
	at org.testng.TestNG.run(TestNG.java:1031)
	at org.testng.remote.AbstractRemoteTestNG.run(AbstractRemoteTestNG.java:115)
	at org.testng.remote.RemoteTestNG.initAndRun(RemoteTestNG.java:251)
	at org.testng.remote.RemoteTestNG.main(RemoteTestNG.java:77)
</pre></div></td>
<td>12</td>
<td>com.obsquara.testscripts.ExpenseCategoryTest@19b93fa8</td></tr>
<tr>
<td title='com.obsquara.testscripts.HomePageTest.verifySelectFromDashBoard()'><b>verifySelectFromDashBoard</b><br>Test class: com.obsquara.testscripts.HomePageTest</td>
<td><div><pre>java.lang.AssertionError: Unable to login expected [true] but found [false]
	at com.obsquara.testscripts.HomePageTest.verifySelectFromDashBoard(HomePageTest.java:51)
	at java.base/java.util.ArrayList.forEach(ArrayList.java:1511)
... Removed 30 stack frames</pre></div><a href='#' onClick='toggleBox("stack-trace1281898359", this, "Click to show all stack frames", "Click to hide stack frames")'>Click to show all stack frames</a>
<div class='stack-trace' id='stack-trace1281898359'><pre>java.lang.AssertionError: Unable to login expected [true] but found [false]
	at org.testng.Assert.fail(Assert.java:99)
	at org.testng.Assert.failNotEquals(Assert.java:1037)
	at org.testng.Assert.assertTrue(Assert.java:45)
	at com.obsquara.testscripts.HomePageTest.verifySelectFromDashBoard(HomePageTest.java:51)
	at java.base/jdk.internal.reflect.NativeMethodAccessorImpl.invoke0(Native Method)
	at java.base/jdk.internal.reflect.NativeMethodAccessorImpl.invoke(NativeMethodAccessorImpl.java:77)
	at java.base/jdk.internal.reflect.DelegatingMethodAccessorImpl.invoke(DelegatingMethodAccessorImpl.java:43)
	at java.base/java.lang.reflect.Method.invoke(Method.java:568)
	at org.testng.internal.MethodInvocationHelper.invokeMethod(MethodInvocationHelper.java:133)
	at org.testng.internal.TestInvoker.invokeMethod(TestInvoker.java:598)
	at org.testng.internal.TestInvoker.invokeTestMethod(TestInvoker.java:173)
	at org.testng.internal.MethodRunner.runInSequence(MethodRunner.java:46)
	at org.testng.internal.TestInvoker$MethodInvocationAgent.invoke(TestInvoker.java:824)
	at org.testng.internal.TestInvoker.invokeTestMethods(TestInvoker.java:146)
	at org.testng.internal.TestMethodWorker.invokeTestMethods(TestMethodWorker.java:146)
	at org.testng.internal.TestMethodWorker.run(TestMethodWorker.java:128)
	at java.base/java.util.ArrayList.forEach(ArrayList.java:1511)
	at org.testng.TestRunner.privateRun(TestRunner.java:794)
	at org.testng.TestRunner.run(TestRunner.java:596)
	at org.testng.SuiteRunner.runTest(SuiteRunner.java:377)
	at org.testng.SuiteRunner.runSequentially(SuiteRunner.java:371)
	at org.testng.SuiteRunner.privateRun(SuiteRunner.java:332)
	at org.testng.SuiteRunner.run(SuiteRunner.java:276)
	at org.testng.SuiteRunnerWorker.runSuite(SuiteRunnerWorker.java:53)
	at org.testng.SuiteRunnerWorker.run(SuiteRunnerWorker.java:96)
	at org.testng.TestNG.runSuitesSequentially(TestNG.java:1212)
	at org.testng.TestNG.runSuitesLocally(TestNG.java:1134)
	at org.testng.TestNG.runSuites(TestNG.java:1063)
	at org.testng.TestNG.run(TestNG.java:1031)
	at org.testng.remote.AbstractRemoteTestNG.run(AbstractRemoteTestNG.java:115)
	at org.testng.remote.RemoteTestNG.initAndRun(RemoteTestNG.java:251)
	at org.testng.remote.RemoteTestNG.main(RemoteTestNG.java:77)
</pre></div></td>
<td>1</td>
<td>com.obsquara.testscripts.HomePageTest@12f9af83</td></tr>
</table><p>
<table width='100%' border='1' class='invocation-passed'>
<tr><td colspan='4' align='center'><b>PASSED TESTS</b></td></tr>
<tr><td><b>Test method</b></td>
<td width="30%"><b>Exception</b></td>
<td width="10%"><b>Time (seconds)</b></td>
<td><b>Instance</b></td>
</tr>
<tr>
<td title='com.obsquara.testscripts.HomePageTest.verifySuccessfullyLogout()'><b>verifySuccessfullyLogout</b><br>Test class: com.obsquara.testscripts.HomePageTest</td>
<td></td>
<td>0</td>
<td>com.obsquara.testscripts.HomePageTest@12f9af83</td></tr>
<tr>
<td title='com.obsquara.testscripts.ManageDeliveryBoyTest.verifyToAddNewDeliveryBoy()'><b>verifyToAddNewDeliveryBoy</b><br>Test class: com.obsquara.testscripts.ManageDeliveryBoyTest</td>
<td></td>
<td>7</td>
<td>com.obsquara.testscripts.ManageDeliveryBoyTest@7e6ef134</td></tr>
<tr>
<td title='com.obsquara.testscripts.ManageDeliveryBoyTest.verifyDeleteDeliveryBoy()'><b>verifyDeleteDeliveryBoy</b><br>Test class: com.obsquara.testscripts.ManageDeliveryBoyTest</td>
<td></td>
<td>7</td>
<td>com.obsquara.testscripts.ManageDeliveryBoyTest@7e6ef134</td></tr>
<tr>
<td title='com.obsquara.testscripts.ExpenseCategoryTest.verifySearchExpenseCategory()'><b>verifySearchExpenseCategory</b><br>Test class: com.obsquara.testscripts.ExpenseCategoryTest</td>
<td></td>
<td>1</td>
<td>com.obsquara.testscripts.ExpenseCategoryTest@19b93fa8</td></tr>
<tr>
<td title='com.obsquara.testscripts.ManageDeliveryBoyTest.verifyEditDeliveryBoy()'><b>verifyEditDeliveryBoy</b><br>Test class: com.obsquara.testscripts.ManageDeliveryBoyTest</td>
<td></td>
<td>29</td>
<td>com.obsquara.testscripts.ManageDeliveryBoyTest@7e6ef134</td></tr>
<tr>
<td title='com.obsquara.testscripts.LoginPageDemoTest.verifyApplicationLoginSuccess()'><b>verifyApplicationLoginSuccess</b><br>Test class: com.obsquara.testscripts.LoginPageDemoTest<br>Parameters: admin, admin</td>
<td></td>
<td>0</td>
<td>com.obsquara.testscripts.LoginPageDemoTest@4ed5eb72</td></tr>
<tr>
<td title='com.obsquara.testscripts.SettingTest.verifyToChangePassword()'><b>verifyToChangePassword</b><br>Test class: com.obsquara.testscripts.SettingTest</td>
<td></td>
<td>1</td>
<td>com.obsquara.testscripts.SettingTest@40db2a24</td></tr>
<tr>
<td title='com.obsquara.testscripts.LoginPageDemoTest.verifyLoginPasswordCaseSensitive()'><b>verifyLoginPasswordCaseSensitive</b><br>Test class: com.obsquara.testscripts.LoginPageDemoTest<br>Parameters: admin, admin</td>
<td></td>
<td>0</td>
<td>com.obsquara.testscripts.LoginPageDemoTest@4ed5eb72</td></tr>
<tr>
<td title='com.obsquara.testscripts.AdminUserTest.verifyNewAdminUser()'><b>verifyNewAdminUser</b><br>Test class: com.obsquara.testscripts.AdminUserTest<br>Parameters: Vyshna, V123</td>
<td></td>
<td>1</td>
<td>com.obsquara.testscripts.AdminUserTest@10cf09e8</td></tr>
<tr>
<td title='com.obsquara.testscripts.LoginPageDemoTest.verifytheSignInButton()'><b>verifytheSignInButton</b><br>Test class: com.obsquara.testscripts.LoginPageDemoTest<br>Parameters: Please fill out this field.</td>
<td></td>
<td>0</td>
<td>com.obsquara.testscripts.LoginPageDemoTest@4ed5eb72</td></tr>
<tr>
<td title='com.obsquara.testscripts.ExpenseCategoryTest.verifyToAddNewExpenseCategory()'><b>verifyToAddNewExpenseCategory</b><br>Test class: com.obsquara.testscripts.ExpenseCategoryTest</td>
<td></td>
<td>1</td>
<td>com.obsquara.testscripts.ExpenseCategoryTest@19b93fa8</td></tr>
<tr>
<td title='com.obsquara.testscripts.LoginPageDemoTest.verifyLoginCredentialsCaseSensitive()'><b>verifyLoginCredentialsCaseSensitive</b><br>Test class: com.obsquara.testscripts.LoginPageDemoTest<br>Parameters: admin, admin</td>
<td></td>
<td>0</td>
<td>com.obsquara.testscripts.LoginPageDemoTest@4ed5eb72</td></tr>
<tr>
<td title='com.obsquara.testscripts.PushNotificationTest.verifyTitleDescriptionField()'><b>verifyTitleDescriptionField</b><br>Test class: com.obsquara.testscripts.PushNotificationTest</td>
<td></td>
<td>1</td>
<td>com.obsquara.testscripts.PushNotificationTest@1f010bf0</td></tr>
<tr>
<td title='com.obsquara.testscripts.PushNotificationTest.verifyPushNotificationPage()'><b>verifyPushNotificationPage</b><br>Test class: com.obsquara.testscripts.PushNotificationTest</td>
<td></td>
<td>1</td>
<td>com.obsquara.testscripts.PushNotificationTest@1f010bf0</td></tr>
<tr>
<td title='com.obsquara.testscripts.ManageDeliveryBoyTest.verifyResetButton()'><b>verifyResetButton</b><br>Test class: com.obsquara.testscripts.ManageDeliveryBoyTest</td>
<td></td>
<td>1</td>
<td>com.obsquara.testscripts.ManageDeliveryBoyTest@7e6ef134</td></tr>
<tr>
<td title='com.obsquara.testscripts.LoginPageDemoTest.verifyApplicationLoginFailure()'><b>verifyApplicationLoginFailure</b><br>Test class: com.obsquara.testscripts.LoginPageDemoTest<br>Parameters: Vyshna, V123</td>
<td></td>
<td>0</td>
<td>com.obsquara.testscripts.LoginPageDemoTest@4ed5eb72</td></tr>
<tr>
<td title='com.obsquara.testscripts.ManageDeliveryBoyTest.verifySearchDeliveryBoy()'><b>verifySearchDeliveryBoy</b><br>Test class: com.obsquara.testscripts.ManageDeliveryBoyTest</td>
<td></td>
<td>1</td>
<td>com.obsquara.testscripts.ManageDeliveryBoyTest@7e6ef134</td></tr>
<tr>
<td title='com.obsquara.testscripts.HomePageTest.verifyPushUpMenuButton()'><b>verifyPushUpMenuButton</b><br>Test class: com.obsquara.testscripts.HomePageTest</td>
<td></td>
<td>0</td>
<td>com.obsquara.testscripts.HomePageTest@12f9af83</td></tr>
<tr>
<td title='com.obsquara.testscripts.ExpenseCategoryTest.verifyDeleteExpenseCategory()'><b>verifyDeleteExpenseCategory</b><br>Test class: com.obsquara.testscripts.ExpenseCategoryTest</td>
<td></td>
<td>1</td>
<td>com.obsquara.testscripts.ExpenseCategoryTest@19b93fa8</td></tr>
</table><p>
</body>
</html>