<?xml version="1.0" encoding="UTF-8"?>
<!-- Generated by org.testng.reporters.JUnitXMLReporter -->
<testsuite ignored="2" hostname="DESKTOP-5874SPL" failures="1" tests="3" name="Test" time="15.113" errors="0" timestamp="2023-05-04T08:34:10 IST">
  <testcase classname="com.obsquara.testscripts.AdminUserTest" name="verifySearchAdminUser" time="3.412">
    <skipped/>
  </testcase> <!-- verifySearchAdminUser -->
  <testcase classname="com.obsquara.testscripts.AdminUserTest" name="verifySearchAdminUser" time="2.612">
    <skipped/>
  </testcase> <!-- verifySearchAdminUser -->
  <testcase classname="com.obsquara.testscripts.AdminUserTest" name="verifySearchAdminUser" time="2.403">
    <failure type="java.lang.AssertionError" message="username not found in table expected [true] but found [false]">
      <![CDATA[java.lang.AssertionError: username not found in table expected [true] but found [false]
at com.obsquara.testscripts.AdminUserTest.verifySearchAdminUser(AdminUserTest.java:76)
at java.base/java.util.ArrayList.forEach(ArrayList.java:1511)
... Removed 30 stack frames]]>
    </failure>
  </testcase> <!-- verifySearchAdminUser -->
  <testcase classname="com.obsquara.testscripts.AdminUserTest" name="verifyNewAdminUser" time="0.0">
    <ignored/>
  </testcase> <!-- verifyNewAdminUser -->
  <testcase classname="com.obsquara.testscripts.AdminUserTest" name="verifyDeleteAdminUser" time="0.0">
    <ignored/>
  </testcase> <!-- verifyDeleteAdminUser -->
</testsuite> <!-- Test -->
